{
  "0 debug pnpm:scope": {
    "selected": 1,
    "workspacePrefix": "/Users/yinxia/Desktop/架构学习/tool-kit"
  },
  "1 warn pnpm": {
    "message": "Unsupported engine: wanted: {\"node\":\">= 16.18.1\"} (current: {\"node\":\"v16.14.2\",\"pnpm\":\"7.0.1\"})",
    "prefix": "/Users/yinxia/Desktop/架构学习/tool-kit"
  },
  "2 error pnpm": {
    "errno": 1,
    "code": "ELIFECYCLE",
    "pkgid": "tool-kit@1.0.0",
    "stage": "docs:dev",
    "script": "pnpm run -C docs docs:dev",
    "pkgname": "tool-kit",
    "err": {
      "name": "pnpm",
      "message": "tool-kit@1.0.0 docs:dev: `pnpm run -C docs docs:dev`\nExit status 1",
      "code": "ELIFECYCLE",
      "stack": "pnpm: tool-kit@1.0.0 docs:dev: `pnpm run -C docs docs:dev`\nExit status 1\n    at EventEmitter.<anonymous> (/usr/local/lib/node_modules/pnpm/dist/pnpm.cjs:106731:20)\n    at EventEmitter.emit (node:events:526:28)\n    at ChildProcess.<anonymous> (/usr/local/lib/node_modules/pnpm/dist/pnpm.cjs:93300:18)\n    at ChildProcess.emit (node:events:526:28)\n    at maybeClose (node:internal/child_process:1092:16)\n    at Process.ChildProcess._handle.onexit (node:internal/child_process:302:5)"
    }
  },
  "3 warn pnpm:global": " Local package.json exists, but node_modules missing, did you mean to install?"
}